<?xml version="1.0" encoding="UTF-8"?>
<!-- Generated by org.testng.reporters.JUnitReportReporter -->
<testsuite skipped="0" hostname="poazselenium2" name="com.sat.TestRunner.TestRunner" tests="3" failures="0" timestamp="2023-04-24T13:56:13 UTC" time="357.833" errors="0">
  <testcase name="runScenario" time="121.356" classname="com.sat.TestRunner.TestRunner"/>
  <system-out/>
  <testcase name="runScenario" time="119.479" classname="com.sat.TestRunner.TestRunner"/>
  <system-out/>
  <testcase name="runScenario" time="116.998" classname="com.sat.TestRunner.TestRunner"/>
  <system-out/>
</testsuite> <!-- com.sat.TestRunner.TestRunner -->
